<?xml version="1.0" encoding="UTF-8"?>
<!-- Generated by org.testng.reporters.JUnitXMLReporter -->
<testsuite hostname="nipunverma" ignored="0" name="Surefire test" tests="5" failures="5" timestamp="19 Apr 2022 13:27:05 GMT" time="0.577" errors="0">
  <testcase name="runScenario" time="0.286" classname="cucumber.api.testng.AbstractTestNGCucumberTests">
    <failure type="java.lang.NullPointerException">
      <![CDATA[java.lang.NullPointerException
at StepDefination.AccountCreate.user_wants_to_login_to_Site(AccountCreate.java:49)
at ✽.User wants to login to Site "http://www.airtel.com"(src/test/java/Features/Feature.feature:8)
]]>
    </failure>
  </testcase> <!-- runScenario -->
  <testcase name="runScenario" time="0.286" classname="cucumber.api.testng.AbstractTestNGCucumberTests">
    <failure type="java.lang.NullPointerException">
      <![CDATA[java.lang.NullPointerException
at StepDefination.AccountCreate.user_wants_to_login_to_Site(AccountCreate.java:49)
at ✽.User wants to login to Site "https://www.google.com"(src/test/java/Features/Feature.feature:4)
]]>
    </failure>
  </testcase> <!-- runScenario -->
  <testcase name="runScenario" time="0.286" classname="cucumber.api.testng.AbstractTestNGCucumberTests">
    <failure type="java.lang.NullPointerException">
      <![CDATA[java.lang.NullPointerException
at StepDefination.AccountCreate.user_wants_to_login_to_Site(AccountCreate.java:49)
at ✽.User wants to login to Site "http://www.amazon.com"(src/test/java/Features/Feature.feature:16)
]]>
    </failure>
  </testcase> <!-- runScenario -->
  <testcase name="runScenario" time="0.286" classname="cucumber.api.testng.AbstractTestNGCucumberTests">
    <failure type="java.lang.NullPointerException">
      <![CDATA[java.lang.NullPointerException
at StepDefination.AccountCreate.user_wants_to_login_to_Site(AccountCreate.java:49)
at ✽.User wants to login to Site "http://www.olx.com"(src/test/java/Features/Feature.feature:20)
]]>
    </failure>
  </testcase> <!-- runScenario -->
  <testcase name="runScenario" time="0.286" classname="cucumber.api.testng.AbstractTestNGCucumberTests">
    <failure type="java.lang.NullPointerException">
      <![CDATA[java.lang.NullPointerException
at StepDefination.AccountCreate.user_wants_to_login_to_Site(AccountCreate.java:49)
at ✽.User wants to login to Site "http://www.flipkart.com"(src/test/java/Features/Feature.feature:12)
]]>
    </failure>
  </testcase> <!-- runScenario -->
</testsuite> <!-- Surefire test -->
