<?xml version="1.0" encoding="UTF-8"?>
<testng-results skipped="0" failed="5" ignored="0" total="5" passed="0">
  <reporter-output>
  </reporter-output>
  <suite name="Surefire suite" duration-ms="577" started-at="2022-04-19T13:27:05Z" finished-at="2022-04-19T13:27:05Z">
    <groups>
      <group name="cucumber">
        <method signature="AbstractTestNGCucumberTests.runScenario(cucumber.api.testng.PickleEventWrapper, cucumber.api.testng.CucumberFeatureWrapper)[pri:0, instance:TestRunner.TestRunner@737996a0]" name="runScenario" class="cucumber.api.testng.AbstractTestNGCucumberTests"/>
      </group> <!-- cucumber -->
    </groups>
    <test name="Surefire test" duration-ms="577" started-at="2022-04-19T13:27:05Z" finished-at="2022-04-19T13:27:05Z">
      <class name="TestRunner.TestRunner">
        <test-method status="PASS" signature="setUpClass()[pri:0, instance:TestRunner.TestRunner@737996a0]" name="setUpClass" is-config="true" duration-ms="143" started-at="2022-04-19T13:27:05Z" finished-at="2022-04-19T13:27:05Z">
          <reporter-output>
          </reporter-output>
        </test-method> <!-- setUpClass -->
        <test-method status="FAIL" signature="runScenario(cucumber.api.testng.PickleEventWrapper, cucumber.api.testng.CucumberFeatureWrapper)[pri:0, instance:TestRunner.TestRunner@737996a0]" name="runScenario" duration-ms="286" started-at="2022-04-19T13:27:05Z" description="Runs Cucumber Scenarios" data-provider="scenarios" finished-at="2022-04-19T13:27:05Z">
          <params>
            <param index="0">
              <value>
                <![CDATA["Scanerio2"]]>
              </value>
            </param>
            <param index="1">
              <value>
                <![CDATA["Login"]]>
              </value>
            </param>
          </params>
          <exception class="java.lang.NullPointerException">
            <full-stacktrace>
              <![CDATA[java.lang.NullPointerException
at StepDefination.AccountCreate.user_wants_to_login_to_Site(AccountCreate.java:49)
at ✽.User wants to login to Site "http://www.airtel.com"(src/test/java/Features/Feature.feature:8)
]]>
            </full-stacktrace>
          </exception> <!-- java.lang.NullPointerException -->
          <reporter-output>
          </reporter-output>
        </test-method> <!-- runScenario -->
        <test-method status="FAIL" signature="runScenario(cucumber.api.testng.PickleEventWrapper, cucumber.api.testng.CucumberFeatureWrapper)[pri:0, instance:TestRunner.TestRunner@737996a0]" name="runScenario" duration-ms="286" started-at="2022-04-19T13:27:05Z" description="Runs Cucumber Scenarios" data-provider="scenarios" finished-at="2022-04-19T13:27:05Z">
          <params>
            <param index="0">
              <value>
                <![CDATA["Scanerio1"]]>
              </value>
            </param>
            <param index="1">
              <value>
                <![CDATA["Login"]]>
              </value>
            </param>
          </params>
          <exception class="java.lang.NullPointerException">
            <full-stacktrace>
              <![CDATA[java.lang.NullPointerException
at StepDefination.AccountCreate.user_wants_to_login_to_Site(AccountCreate.java:49)
at ✽.User wants to login to Site "https://www.google.com"(src/test/java/Features/Feature.feature:4)
]]>
            </full-stacktrace>
          </exception> <!-- java.lang.NullPointerException -->
          <reporter-output>
          </reporter-output>
        </test-method> <!-- runScenario -->
        <test-method status="FAIL" signature="runScenario(cucumber.api.testng.PickleEventWrapper, cucumber.api.testng.CucumberFeatureWrapper)[pri:0, instance:TestRunner.TestRunner@737996a0]" name="runScenario" duration-ms="286" started-at="2022-04-19T13:27:05Z" description="Runs Cucumber Scenarios" data-provider="scenarios" finished-at="2022-04-19T13:27:05Z">
          <params>
            <param index="0">
              <value>
                <![CDATA["Scanerio5"]]>
              </value>
            </param>
            <param index="1">
              <value>
                <![CDATA["Login"]]>
              </value>
            </param>
          </params>
          <exception class="java.lang.NullPointerException">
            <full-stacktrace>
              <![CDATA[java.lang.NullPointerException
at StepDefination.AccountCreate.user_wants_to_login_to_Site(AccountCreate.java:49)
at ✽.User wants to login to Site "http://www.olx.com"(src/test/java/Features/Feature.feature:20)
]]>
            </full-stacktrace>
          </exception> <!-- java.lang.NullPointerException -->
          <reporter-output>
          </reporter-output>
        </test-method> <!-- runScenario -->
        <test-method status="FAIL" signature="runScenario(cucumber.api.testng.PickleEventWrapper, cucumber.api.testng.CucumberFeatureWrapper)[pri:0, instance:TestRunner.TestRunner@737996a0]" name="runScenario" duration-ms="286" started-at="2022-04-19T13:27:05Z" description="Runs Cucumber Scenarios" data-provider="scenarios" finished-at="2022-04-19T13:27:05Z">
          <params>
            <param index="0">
              <value>
                <![CDATA["Scanerio4"]]>
              </value>
            </param>
            <param index="1">
              <value>
                <![CDATA["Login"]]>
              </value>
            </param>
          </params>
          <exception class="java.lang.NullPointerException">
            <full-stacktrace>
              <![CDATA[java.lang.NullPointerException
at StepDefination.AccountCreate.user_wants_to_login_to_Site(AccountCreate.java:49)
at ✽.User wants to login to Site "http://www.amazon.com"(src/test/java/Features/Feature.feature:16)
]]>
            </full-stacktrace>
          </exception> <!-- java.lang.NullPointerException -->
          <reporter-output>
          </reporter-output>
        </test-method> <!-- runScenario -->
        <test-method status="FAIL" signature="runScenario(cucumber.api.testng.PickleEventWrapper, cucumber.api.testng.CucumberFeatureWrapper)[pri:0, instance:TestRunner.TestRunner@737996a0]" name="runScenario" duration-ms="286" started-at="2022-04-19T13:27:05Z" description="Runs Cucumber Scenarios" data-provider="scenarios" finished-at="2022-04-19T13:27:05Z">
          <params>
            <param index="0">
              <value>
                <![CDATA["Scanerio3"]]>
              </value>
            </param>
            <param index="1">
              <value>
                <![CDATA["Login"]]>
              </value>
            </param>
          </params>
          <exception class="java.lang.NullPointerException">
            <full-stacktrace>
              <![CDATA[java.lang.NullPointerException
at StepDefination.AccountCreate.user_wants_to_login_to_Site(AccountCreate.java:49)
at ✽.User wants to login to Site "http://www.flipkart.com"(src/test/java/Features/Feature.feature:12)
]]>
            </full-stacktrace>
          </exception> <!-- java.lang.NullPointerException -->
          <reporter-output>
          </reporter-output>
        </test-method> <!-- runScenario -->
        <test-method status="PASS" signature="tearDownClass()[pri:0, instance:TestRunner.TestRunner@737996a0]" name="tearDownClass" is-config="true" duration-ms="36" started-at="2022-04-19T13:27:05Z" finished-at="2022-04-19T13:27:05Z">
          <reporter-output>
          </reporter-output>
        </test-method> <!-- tearDownClass -->
      </class> <!-- TestRunner.TestRunner -->
    </test> <!-- Surefire test -->
  </suite> <!-- Surefire suite -->
</testng-results>
