<?xml version="1.0" encoding="UTF-8"?>
<testng-results skipped="0" failed="0" ignored="0" total="5" passed="5">
  <reporter-output>
  </reporter-output>
  <suite name="Default suite" duration-ms="36604" started-at="2022-04-19T19:15:12 IST" finished-at="2022-04-19T19:15:49 IST">
    <groups>
      <group name="cucumber">
        <method signature="AbstractTestNGCucumberTests.runScenario(cucumber.api.testng.PickleEventWrapper,cucumber.api.testng.CucumberFeatureWrapper)[pri:0, instance:TestRunner.TestRunner@4923ab24]" name="runScenario" class="cucumber.api.testng.AbstractTestNGCucumberTests"/>
      </group> <!-- cucumber -->
    </groups>
    <test name="Default test" duration-ms="36604" started-at="2022-04-19T19:15:12 IST" finished-at="2022-04-19T19:15:49 IST">
      <class name="TestRunner.TestRunner">
        <test-method status="PASS" signature="setUpClass()[pri:0, instance:TestRunner.TestRunner@4923ab24]" name="setUpClass" is-config="true" duration-ms="174" started-at="2022-04-19T19:15:12 IST" finished-at="2022-04-19T19:15:12 IST">
          <reporter-output>
          </reporter-output>
        </test-method> <!-- setUpClass -->
        <test-method status="PASS" signature="runScenario(cucumber.api.testng.PickleEventWrapper,cucumber.api.testng.CucumberFeatureWrapper)[pri:0, instance:TestRunner.TestRunner@4923ab24]" name="runScenario" duration-ms="36246" started-at="2022-04-19T19:15:12 IST" description="Runs Cucumber Scenarios" data-provider="scenarios" finished-at="2022-04-19T19:15:48 IST">
          <params>
            <param index="0">
              <value>
                <![CDATA["Scanerio5"]]>
              </value>
            </param>
            <param index="1">
              <value>
                <![CDATA["Login"]]>
              </value>
            </param>
          </params>
          <reporter-output>
          </reporter-output>
        </test-method> <!-- runScenario -->
        <test-method status="PASS" signature="runScenario(cucumber.api.testng.PickleEventWrapper,cucumber.api.testng.CucumberFeatureWrapper)[pri:0, instance:TestRunner.TestRunner@4923ab24]" name="runScenario" duration-ms="12088" started-at="2022-04-19T19:15:12 IST" description="Runs Cucumber Scenarios" data-provider="scenarios" finished-at="2022-04-19T19:15:24 IST">
          <params>
            <param index="0">
              <value>
                <![CDATA["Scanerio1"]]>
              </value>
            </param>
            <param index="1">
              <value>
                <![CDATA["Login"]]>
              </value>
            </param>
          </params>
          <reporter-output>
          </reporter-output>
        </test-method> <!-- runScenario -->
        <test-method status="PASS" signature="runScenario(cucumber.api.testng.PickleEventWrapper,cucumber.api.testng.CucumberFeatureWrapper)[pri:0, instance:TestRunner.TestRunner@4923ab24]" name="runScenario" duration-ms="13857" started-at="2022-04-19T19:15:12 IST" description="Runs Cucumber Scenarios" data-provider="scenarios" finished-at="2022-04-19T19:15:26 IST">
          <params>
            <param index="0">
              <value>
                <![CDATA["Scanerio4"]]>
              </value>
            </param>
            <param index="1">
              <value>
                <![CDATA["Login"]]>
              </value>
            </param>
          </params>
          <reporter-output>
          </reporter-output>
        </test-method> <!-- runScenario -->
        <test-method status="PASS" signature="runScenario(cucumber.api.testng.PickleEventWrapper,cucumber.api.testng.CucumberFeatureWrapper)[pri:0, instance:TestRunner.TestRunner@4923ab24]" name="runScenario" duration-ms="24264" started-at="2022-04-19T19:15:12 IST" description="Runs Cucumber Scenarios" data-provider="scenarios" finished-at="2022-04-19T19:15:37 IST">
          <params>
            <param index="0">
              <value>
                <![CDATA["Scanerio3"]]>
              </value>
            </param>
            <param index="1">
              <value>
                <![CDATA["Login"]]>
              </value>
            </param>
          </params>
          <reporter-output>
          </reporter-output>
        </test-method> <!-- runScenario -->
        <test-method status="PASS" signature="runScenario(cucumber.api.testng.PickleEventWrapper,cucumber.api.testng.CucumberFeatureWrapper)[pri:0, instance:TestRunner.TestRunner@4923ab24]" name="runScenario" duration-ms="29906" started-at="2022-04-19T19:15:12 IST" description="Runs Cucumber Scenarios" data-provider="scenarios" finished-at="2022-04-19T19:15:42 IST">
          <params>
            <param index="0">
              <value>
                <![CDATA["Scanerio2"]]>
              </value>
            </param>
            <param index="1">
              <value>
                <![CDATA["Login"]]>
              </value>
            </param>
          </params>
          <reporter-output>
          </reporter-output>
        </test-method> <!-- runScenario -->
        <test-method status="PASS" signature="tearDownClass()[pri:0, instance:TestRunner.TestRunner@4923ab24]" name="tearDownClass" is-config="true" duration-ms="103" started-at="2022-04-19T19:15:48 IST" finished-at="2022-04-19T19:15:49 IST">
          <reporter-output>
          </reporter-output>
        </test-method> <!-- tearDownClass -->
      </class> <!-- TestRunner.TestRunner -->
    </test> <!-- Default test -->
  </suite> <!-- Default suite -->
</testng-results>
